<?xml version="1.0" encoding="UTF-8"?>
<testng-results ignored="0" total="1" passed="1" failed="0" skipped="0">
  <reporter-output>
  </reporter-output>
  <suite started-at="2024-05-31T13:30:18 IST" name="Default suite" finished-at="2024-05-31T13:30:18 IST" duration-ms="30">
    <groups>
    </groups>
    <test started-at="2024-05-31T13:30:18 IST" name="Default test" finished-at="2024-05-31T13:30:18 IST" duration-ms="30">
      <class name="com.TestCase.testCase1">
        <test-method is-config="true" signature="m7()[pri:0, instance:com.TestCase.testCase1@248e319b]" started-at="2024-05-31T13:30:18 IST" name="m7" finished-at="2024-05-31T13:30:18 IST" duration-ms="7" status="PASS">
          <reporter-output>
          </reporter-output>
        </test-method> <!-- m7 -->
        <test-method is-config="true" signature="m4()[pri:0, instance:com.TestCase.testCase1@248e319b]" started-at="2024-05-31T13:30:18 IST" name="m4" finished-at="2024-05-31T13:30:18 IST" duration-ms="1" status="PASS">
          <reporter-output>
          </reporter-output>
        </test-method> <!-- m4 -->
        <test-method is-config="true" signature="m5()[pri:0, instance:com.TestCase.testCase1@248e319b]" started-at="2024-05-31T13:30:18 IST" name="m5" finished-at="2024-05-31T13:30:18 IST" duration-ms="1" status="PASS">
          <reporter-output>
          </reporter-output>
        </test-method> <!-- m5 -->
        <test-method is-config="true" signature="m6()[pri:0, instance:com.TestCase.testCase1@248e319b]" started-at="2024-05-31T13:30:18 IST" name="m6" finished-at="2024-05-31T13:30:18 IST" duration-ms="0" status="PASS">
          <reporter-output>
          </reporter-output>
        </test-method> <!-- m6 -->
        <test-method signature="m1()[pri:0, instance:com.TestCase.testCase1@248e319b]" started-at="2024-05-31T13:30:18 IST" name="m1" finished-at="2024-05-31T13:30:18 IST" duration-ms="3" status="PASS">
          <reporter-output>
          </reporter-output>
        </test-method> <!-- m1 -->
        <test-method is-config="true" signature="m2()[pri:0, instance:com.TestCase.testCase1@248e319b]" started-at="2024-05-31T13:30:18 IST" name="m2" finished-at="2024-05-31T13:30:18 IST" duration-ms="0" status="PASS">
          <reporter-output>
          </reporter-output>
        </test-method> <!-- m2 -->
        <test-method is-config="true" signature="m3()[pri:0, instance:com.TestCase.testCase1@248e319b]" started-at="2024-05-31T13:30:18 IST" name="m3" finished-at="2024-05-31T13:30:18 IST" duration-ms="0" status="PASS">
          <reporter-output>
          </reporter-output>
        </test-method> <!-- m3 -->
      </class> <!-- com.TestCase.testCase1 -->
    </test> <!-- Default test -->
  </suite> <!-- Default suite -->
</testng-results>
